# JRE version: OpenJDK Runtime Environment AdoptOpenJDK (11.0.9.1+1) (build 11.0.9.1+1)
# Java VM: OpenJDK 64-Bit Server VM AdoptOpenJDK (11.0.9.1+1, mixed mode, tiered, compressed oops, g1 gc, windows-amd64)
Heap:
 garbage-first heap   total 131072K, used 55444K [0x0000000081e00000, 0x0000000100000000)
  region size 1024K, 51 young (52224K), 9 survivors (9216K)
 Metaspace       used 36626K, capacity 37990K, committed 38320K, reserved 1083392K
  class space    used 4362K, capacity 4931K, committed 5040K, reserved 1048576K
GC Heap History (12 events):
Event: 0.547 GC heap before
{Heap before GC invocations=0 (full 0):
 garbage-first heap   total 131072K, used 13312K [0x0000000081e00000, 0x0000000100000000)
  region size 1024K, 14 young (14336K), 0 survivors (0K)
 Metaspace       used 10519K, capacity 10778K, committed 10880K, reserved 1058816K
  class space    used 986K, capacity 1051K, committed 1152K, reserved 1048576K
}
Event: 0.556 GC heap after
{Heap after GC invocations=1 (full 0):
 garbage-first heap   total 131072K, used 5370K [0x0000000081e00000, 0x0000000100000000)
  region size 1024K, 2 young (2048K), 2 survivors (2048K)
 Metaspace       used 10519K, capacity 10778K, committed 10880K, reserved 1058816K
  class space    used 986K, capacity 1051K, committed 1152K, reserved 1048576K
}
Event: 0.764 GC heap before
{Heap before GC invocations=1 (full 0):
 garbage-first heap   total 131072K, used 13562K [0x0000000081e00000, 0x0000000100000000)
  region size 1024K, 10 young (10240K), 2 survivors (2048K)
 Metaspace       used 12063K, capacity 12408K, committed 12672K, reserved 1060864K
  class space    used 1194K, capacity 1345K, committed 1408K, reserved 1048576K
}
Event: 0.767 GC heap after
{Heap after GC invocations=2 (full 0):
 garbage-first heap   total 131072K, used 5310K [0x0000000081e00000, 0x0000000100000000)
  region size 1024K, 1 young (1024K), 1 survivors (1024K)
 Metaspace       used 12063K, capacity 12408K, committed 12672K, reserved 1060864K
  class space    used 1194K, capacity 1345K, committed 1408K, reserved 1048576K
}
Event: 1.454 GC heap before
{Heap before GC invocations=2 (full 0):
 garbage-first heap   total 131072K, used 40126K [0x0000000081e00000, 0x0000000100000000)
  region size 1024K, 35 young (35840K), 1 survivors (1024K)
 Metaspace       used 18314K, capacity 18975K, committed 19200K, reserved 1067008K
  class space    used 1971K, capacity 2221K, committed 2304K, reserved 1048576K
}
Event: 1.457 GC heap after
{Heap after GC invocations=3 (full 0):
 garbage-first heap   total 131072K, used 6642K [0x0000000081e00000, 0x0000000100000000)
  region size 1024K, 2 young (2048K), 2 survivors (2048K)
 Metaspace       used 18314K, capacity 18975K, committed 19200K, reserved 1067008K
  class space    used 1971K, capacity 2221K, committed 2304K, reserved 1048576K
}
Event: 1.760 GC heap before
{Heap before GC invocations=3 (full 0):
 garbage-first heap   total 131072K, used 20978K [0x0000000081e00000, 0x0000000100000000)
  region size 1024K, 17 young (17408K), 2 survivors (2048K)
 Metaspace       used 20515K, capacity 21198K, committed 21296K, reserved 1069056K
  class space    used 2287K, capacity 2565K, committed 2608K, reserved 1048576K
}
Event: 1.764 GC heap after
{Heap after GC invocations=4 (full 0):
 garbage-first heap   total 131072K, used 7469K [0x0000000081e00000, 0x0000000100000000)
  region size 1024K, 3 young (3072K), 3 survivors (3072K)
 Metaspace       used 20515K, capacity 21198K, committed 21296K, reserved 1069056K
  class space    used 2287K, capacity 2565K, committed 2608K, reserved 1048576K
}
Event: 2.613 GC heap before
{Heap before GC invocations=5 (full 0):
 garbage-first heap   total 131072K, used 62765K [0x0000000081e00000, 0x0000000100000000)
  region size 1024K, 58 young (59392K), 3 survivors (3072K)
 Metaspace       used 28977K, capacity 29979K, committed 30256K, reserved 1075200K
  class space    used 3369K, capacity 3749K, committed 3888K, reserved 1048576K
}
Event: 2.620 GC heap after
{Heap after GC invocations=6 (full 0):
 garbage-first heap   total 131072K, used 9780K [0x0000000081e00000, 0x0000000100000000)
  region size 1024K, 5 young (5120K), 5 survivors (5120K)
 Metaspace       used 28977K, capacity 29979K, committed 30256K, reserved 1075200K
  class space    used 3369K, capacity 3749K, committed 3888K, reserved 1048576K
}
Event: 3.757 GC heap before
{Heap before GC invocations=6 (full 0):
 garbage-first heap   total 131072K, used 75316K [0x0000000081e00000, 0x0000000100000000)
  region size 1024K, 70 young (71680K), 5 survivors (5120K)
 Metaspace       used 34524K, capacity 35786K, committed 35888K, reserved 1081344K
  class space    used 4094K, capacity 4605K, committed 4656K, reserved 1048576K
}
Event: 3.772 GC heap after
{Heap after GC invocations=7 (full 0):
 garbage-first heap   total 131072K, used 13460K [0x0000000081e00000, 0x0000000100000000)
  region size 1024K, 9 young (9216K), 9 survivors (9216K)
 Metaspace       used 34524K, capacity 35786K, committed 35888K, reserved 1081344K
  class space    used 4094K, capacity 4605K, committed 4656K, reserved 1048576K
}

