# JRE version: OpenJDK Runtime Environment AdoptOpenJDK (11.0.9.1+1) (build 11.0.9.1+1)
# Java VM: OpenJDK 64-Bit Server VM AdoptOpenJDK (11.0.9.1+1, mixed mode, tiered, compressed oops, g1 gc, windows-amd64)
Heap:
 garbage-first heap   total 157696K, used 19907K [0x0000000081e00000, 0x0000000100000000)
  region size 1024K, 15 young (15360K), 5 survivors (5120K)
 Metaspace       used 20803K, capacity 21177K, committed 21552K, reserved 1069056K
  class space    used 2197K, capacity 2314K, committed 2432K, reserved 1048576K
GC Heap History (10 events):
Event: 0.430 GC heap before
{Heap before GC invocations=0 (full 0):
 garbage-first heap   total 131072K, used 13312K [0x0000000081e00000, 0x0000000100000000)
  region size 1024K, 14 young (14336K), 0 survivors (0K)
 Metaspace       used 11057K, capacity 11241K, committed 11392K, reserved 1058816K
  class space    used 1065K, capacity 1152K, committed 1152K, reserved 1048576K
}
Event: 0.434 GC heap after
{Heap after GC invocations=1 (full 0):
 garbage-first heap   total 131072K, used 3056K [0x0000000081e00000, 0x0000000100000000)
  region size 1024K, 2 young (2048K), 2 survivors (2048K)
 Metaspace       used 11057K, capacity 11241K, committed 11392K, reserved 1058816K
  class space    used 1065K, capacity 1152K, committed 1152K, reserved 1048576K
}
Event: 0.664 GC heap before
{Heap before GC invocations=1 (full 0):
 garbage-first heap   total 131072K, used 20464K [0x0000000081e00000, 0x0000000100000000)
  region size 1024K, 19 young (19456K), 2 survivors (2048K)
 Metaspace       used 13308K, capacity 13477K, committed 13568K, reserved 1060864K
  class space    used 1363K, capacity 1447K, committed 1536K, reserved 1048576K
}
Event: 0.667 GC heap after
{Heap after GC invocations=2 (full 0):
 garbage-first heap   total 131072K, used 3872K [0x0000000081e00000, 0x0000000100000000)
  region size 1024K, 1 young (1024K), 1 survivors (1024K)
 Metaspace       used 13308K, capacity 13477K, committed 13568K, reserved 1060864K
  class space    used 1363K, capacity 1447K, committed 1536K, reserved 1048576K
}
Event: 1.066 GC heap before
{Heap before GC invocations=2 (full 0):
 garbage-first heap   total 131072K, used 30496K [0x0000000081e00000, 0x0000000100000000)
  region size 1024K, 27 young (27648K), 1 survivors (1024K)
 Metaspace       used 17569K, capacity 17746K, committed 17920K, reserved 1064960K
  class space    used 1927K, capacity 2035K, committed 2048K, reserved 1048576K
}
Event: 1.069 GC heap after
{Heap after GC invocations=3 (full 0):
 garbage-first heap   total 131072K, used 5293K [0x0000000081e00000, 0x0000000100000000)
  region size 1024K, 3 young (3072K), 3 survivors (3072K)
 Metaspace       used 17569K, capacity 17746K, committed 17920K, reserved 1064960K
  class space    used 1927K, capacity 2035K, committed 2048K, reserved 1048576K
}
Event: 1.743 GC heap before
{Heap before GC invocations=3 (full 0):
 garbage-first heap   total 131072K, used 47277K [0x0000000081e00000, 0x0000000100000000)
  region size 1024K, 44 young (45056K), 3 survivors (3072K)
 Metaspace       used 20740K, capacity 21108K, committed 21296K, reserved 1069056K
  class space    used 2195K, capacity 2313K, committed 2432K, reserved 1048576K
}
Event: 1.752 GC heap after
{Heap after GC invocations=4 (full 0):
 garbage-first heap   total 131072K, used 10261K [0x0000000081e00000, 0x0000000100000000)
  region size 1024K, 6 young (6144K), 6 survivors (6144K)
 Metaspace       used 20740K, capacity 21108K, committed 21296K, reserved 1069056K
  class space    used 2195K, capacity 2313K, committed 2432K, reserved 1048576K
}
Event: 1.754 GC heap before
{Heap before GC invocations=4 (full 0):
 garbage-first heap   total 131072K, used 10261K [0x0000000081e00000, 0x0000000100000000)
  region size 1024K, 7 young (7168K), 6 survivors (6144K)
 Metaspace       used 20740K, capacity 21108K, committed 21296K, reserved 1069056K
  class space    used 2195K, capacity 2313K, committed 2432K, reserved 1048576K
}
Event: 1.767 GC heap after
{Heap after GC invocations=5 (full 0):
 garbage-first heap   total 157696K, used 10691K [0x0000000081e00000, 0x0000000100000000)
  region size 1024K, 5 young (5120K), 5 survivors (5120K)
 Metaspace       used 20740K, capacity 21108K, committed 21296K, reserved 1069056K
  class space    used 2195K, capacity 2313K, committed 2432K, reserved 1048576K
}

